<?xml version="1.0" encoding="UTF-8"?>
<!-- Generated by org.testng.reporters.JUnitReportReporter -->
<testsuite hostname="Bikram-PC" failures="0" tests="1" name="eCommerceTest.ApttusTest_ecommerce" time="15.699" errors="0" timestamp="2020-08-01T19:40:15 IST" skipped="0">
  <testcase classname="eCommerceTest.ApttusTest_ecommerce" name="ecommerceTest" time="15.699"/>
  <system-out/>
</testsuite> <!-- eCommerceTest.ApttusTest_ecommerce -->
